Unable to capture context for thread 6792 in process 13152, can not generate back trace
Unable to capture context for thread 8408 in process 13152, can not generate back trace
Unable to capture context for thread 936 in process 13152, can not generate back trace
Exception at PC 0x00007FF87CE5BB93
Printing stacktrace...

[0]  [0x00007FF87CE5BB93]
[1]  [0x00007FF87CE5BB93]
[2]  [0x00007FF87CE5B4A1]
[3]  [0x00007FF87CE5B3EF]
[4]  [0x00007FF87CE419FE]
[5]  [0x00007FF87CE40ED1]
[6]  [0x00007FF87CE40D76]
[7]  [0x00007FF87CDE79F6]
[8]  [0x00007FF87CDD7AFB]
[9]  [0x00007FF87CEFE90A]
[10]  [0x00007FF87CF19F87]
[11]  [0x00007FF87CF1A05F]
[12] (BaseThreadInitThunk+0x14) [0x00007FF903284034]
[13] (RtlUserThreadStart+0x21) [0x00007FF9057B3691]
Done
Exception at PC 0x00007FF87CB61A52
Attemped to write at address 0x00007FF8C882ABA4
Printing stacktrace...

[0]  [0x00007FF87CB61A52]
[1]  [0x00007FF87CB61A52]
[2]  [0x00007FF87CB61AD4]
[3]  [0x00007FF87CCA3FF7]
[4]  [0x00007FF87CB89128]
[5]  [0x00007FF87CE3DFB9]
[6]  [0x00007FF87D00EF23]
[7]  [0x00007FF87CF1B06B]
[8]  [0x00007FF87CF108AF]
[9]  [0x00007FF87CF10A32]
[10] (RtlActivateActivationContextUnsafeFast+0x123) [0x00007FF90577B583]
[11] (LdrShutdownProcess+0x125) [0x00007FF905787F85]
[12] (RtlExitUserProcess+0xd8) [0x00007FF905787E48]
[13] (FatalExit+0xa) [0x00007FF90328CA7A]
[14] (exit+0x75) [0x00007FF903399CE5]
[15] (initterm_e+0x235) [0x00007FF90339A345]
[16]  [0x00000000004014CD]
[17]  [0x000000000040151B]
[18] (BaseThreadInitThunk+0x14) [0x00007FF903284034]
[19] (RtlUserThreadStart+0x21) [0x00007FF9057B3691]
Done
